[INFO] Scanning for projects...
[INFO] 
[INFO] ---------------------< com.truckmitra:TruckMitra >----------------------
[INFO] Building TruckMitra 0.0.1-SNAPSHOT
[INFO]   from pom.xml
[INFO] --------------------------------[ jar ]---------------------------------
[INFO] 
[INFO] >>> spring-boot:3.5.10:run (default-cli) > test-compile @ TruckMitra >>>
[INFO] 
[INFO] --- resources:3.3.1:resources (default-resources) @ TruckMitra ---
[INFO] Copying 1 resource from src\main\resources to target\classes
[INFO] Copying 5 resources from src\main\resources to target\classes
[INFO] 
[INFO] --- compiler:3.14.1:compile (default-compile) @ TruckMitra ---
[INFO] Nothing to compile - all classes are up to date.
[INFO] 
[INFO] --- hibernate-enhance:6.6.41.Final:enhance (enhance) @ TruckMitra ---
[INFO] Starting Hibernate enhancement for classes on C:\Users\Administrator\Downloads\Truckmitra project12345\Truckmitra-backend\target\classes
[INFO] 
[INFO] --- resources:3.3.1:testResources (default-testResources) @ TruckMitra ---
[INFO] skip non existing resourceDirectory C:\Users\Administrator\Downloads\Truckmitra project12345\Truckmitra-backend\src\test\resources
[INFO] 
[INFO] --- compiler:3.14.1:testCompile (default-testCompile) @ TruckMitra ---
[INFO] Nothing to compile - all classes are up to date.
[INFO] 
[INFO] <<< spring-boot:3.5.10:run (default-cli) < test-compile @ TruckMitra <<<
[INFO] 
[INFO] 
[INFO] --- spring-boot:3.5.10:run (default-cli) @ TruckMitra ---
[INFO] Attaching agents: []
Standard Commons Logging discovery in action with spring-jcl: please remove commons-logging.jar from classpath in order to avoid potential conflicts
Standard Commons Logging discovery in action with spring-jcl: please remove commons-logging.jar from classpath in order to avoid potential conflicts

  .   ____          _            __ _ _
 /\\ / ___'_ __ _ _(_)_ __  __ _ \ \ \ \
( ( )\___ | '_ | '_| | '_ \/ _` | \ \ \ \
 \\/  ___)| |_)| | | | | || (_| |  ) ) ) )
  '  |____| .__|_| |_|_| |_\__, | / / / /
 =========|_|==============|___/=/_/_/_/

 :: Spring Boot ::               (v3.5.10)

2026-05-30T06:25:06.004-04:00  INFO 20380 --- [TruckMitra] [  restartedMain] com.truckmitra.TruckMitraApplication     : Starting TruckMitraApplication using Java 24.0.2 with PID 20380 (C:\Users\Administrator\Downloads\Truckmitra project12345\Truckmitra-backend\target\classes started by Administrator in C:\Users\Administrator\Downloads\Truckmitra project12345\Truckmitra-backend)
2026-05-30T06:25:06.009-04:00 DEBUG 20380 --- [TruckMitra] [  restartedMain] com.truckmitra.TruckMitraApplication     : Running with Spring Boot v3.5.10, Spring v6.2.15
2026-05-30T06:25:06.010-04:00  INFO 20380 --- [TruckMitra] [  restartedMain] com.truckmitra.TruckMitraApplication     : No active profile set, falling back to 1 default profile: "default"
2026-05-30T06:25:06.081-04:00  INFO 20380 --- [TruckMitra] [  restartedMain] .e.DevToolsPropertyDefaultsPostProcessor : Devtools property defaults active! Set 'spring.devtools.add-properties' to 'false' to disable
2026-05-30T06:25:06.081-04:00  INFO 20380 --- [TruckMitra] [  restartedMain] .e.DevToolsPropertyDefaultsPostProcessor : For additional web related logging consider setting the 'logging.level.web' property to 'DEBUG'
2026-05-30T06:25:06.526-04:00  WARN 20380 --- [TruckMitra] [  restartedMain] ConfigServletWebServerApplicationContext : Exception encountered during context initialization - cancelling refresh attempt: org.springframework.beans.factory.BeanDefinitionStoreException: Failed to parse configuration class [com.truckmitra.TruckMitraApplication]
2026-05-30T06:25:06.720-04:00 ERROR 20380 --- [TruckMitra] [  restartedMain] o.s.boot.SpringApplication               : Application run failed

org.springframework.beans.factory.BeanDefinitionStoreException: Failed to parse configuration class [com.truckmitra.TruckMitraApplication]
	at org.springframework.context.annotation.ConfigurationClassParser.parse(ConfigurationClassParser.java:194) ~[spring-context-6.2.15.jar:6.2.15]
	at org.springframework.context.annotation.ConfigurationClassPostProcessor.processConfigBeanDefinitions(ConfigurationClassPostProcessor.java:418) ~[spring-context-6.2.15.jar:6.2.15]
	at org.springframework.context.annotation.ConfigurationClassPostProcessor.postProcessBeanDefinitionRegistry(ConfigurationClassPostProcessor.java:290) ~[spring-context-6.2.15.jar:6.2.15]
	at org.springframework.context.support.PostProcessorRegistrationDelegate.invokeBeanDefinitionRegistryPostProcessors(PostProcessorRegistrationDelegate.java:349) ~[spring-context-6.2.15.jar:6.2.15]
	at org.springframework.context.support.PostProcessorRegistrationDelegate.invokeBeanFactoryPostProcessors(PostProcessorRegistrationDelegate.java:118) ~[spring-context-6.2.15.jar:6.2.15]
	at org.springframework.context.support.AbstractApplicationContext.invokeBeanFactoryPostProcessors(AbstractApplicationContext.java:791) ~[spring-context-6.2.15.jar:6.2.15]
	at org.springframework.context.support.AbstractApplicationContext.refresh(AbstractApplicationContext.java:609) ~[spring-context-6.2.15.jar:6.2.15]
	at org.springframework.boot.web.servlet.context.ServletWebServerApplicationContext.refresh(ServletWebServerApplicationContext.java:146) ~[spring-boot-3.5.10.jar:3.5.10]
	at org.springframework.boot.SpringApplication.refresh(SpringApplication.java:752) ~[spring-boot-3.5.10.jar:3.5.10]
	at org.springframework.boot.SpringApplication.refreshContext(SpringApplication.java:439) ~[spring-boot-3.5.10.jar:3.5.10]
	at org.springframework.boot.SpringApplication.run(SpringApplication.java:318) ~[spring-boot-3.5.10.jar:3.5.10]
	at org.springframework.boot.SpringApplication.run(SpringApplication.java:1361) ~[spring-boot-3.5.10.jar:3.5.10]
	at org.springframework.boot.SpringApplication.run(SpringApplication.java:1350) ~[spring-boot-3.5.10.jar:3.5.10]
	at com.truckmitra.TruckMitraApplication.main(TruckMitraApplication.java:10) ~[classes/:na]
	at java.base/jdk.internal.reflect.DirectMethodHandleAccessor.invoke(DirectMethodHandleAccessor.java:104) ~[na:na]
	at java.base/java.lang.reflect.Method.invoke(Method.java:565) ~[na:na]
	at org.springframework.boot.devtools.restart.RestartLauncher.run(RestartLauncher.java:50) ~[spring-boot-devtools-3.5.10.jar:3.5.10]
Caused by: org.springframework.context.annotation.ConflictingBeanDefinitionException: Annotation-specified bean name 'emergencyController' for bean class [com.truckmitra.controller.notification.EmergencyController] conflicts with existing, non-compatible bean definition of same name and class [com.truckmitra.controller.EmergencyController]
	at org.springframework.context.annotation.ClassPathBeanDefinitionScanner.checkCandidate(ClassPathBeanDefinitionScanner.java:361) ~[spring-context-6.2.15.jar:6.2.15]
	at org.springframework.context.annotation.ClassPathBeanDefinitionScanner.doScan(ClassPathBeanDefinitionScanner.java:288) ~[spring-context-6.2.15.jar:6.2.15]
	at org.springframework.context.annotation.ComponentScanAnnotationParser.parse(ComponentScanAnnotationParser.java:128) ~[spring-context-6.2.15.jar:6.2.15]
	at org.springframework.context.annotation.ConfigurationClassParser.doProcessConfigurationClass(ConfigurationClassParser.java:346) ~[spring-context-6.2.15.jar:6.2.15]
	at org.springframework.context.annotation.ConfigurationClassParser.processConfigurationClass(ConfigurationClassParser.java:281) ~[spring-context-6.2.15.jar:6.2.15]
	at org.springframework.context.annotation.ConfigurationClassParser.parse(ConfigurationClassParser.java:204) ~[spring-context-6.2.15.jar:6.2.15]
	at org.springframework.context.annotation.ConfigurationClassParser.parse(ConfigurationClassParser.java:172) ~[spring-context-6.2.15.jar:6.2.15]
	... 16 common frames omitted

[INFO] ------------------------------------------------------------------------
[INFO] BUILD SUCCESS
[INFO] ------------------------------------------------------------------------
[INFO] Total time:  8.909 s
[INFO] Finished at: 2026-05-30T06:25:06-04:00
[INFO] ------------------------------------------------------------------------
